module.js:487
    throw err;
    ^

Error: Cannot find module 'socket.io'
    at Function.Module._resolveFilename (module.js:485:15)
    at Function.Module._load (module.js:437:25)
    at Module.require (module.js:513:17)
    at require (internal/module.js:11:18)
    at Object.<anonymous> (D:\boulot\UwAmp\www\tac-tac.lan\web\bin\node\app_https\app_https_socket.js:38:20)
    at Module._compile (module.js:569:30)
    at Object.Module._extensions..js (module.js:580:10)
    at Module.load (module.js:503:32)
    at tryModuleLoad (module.js:466:12)
    at Function.Module._load (module.js:458:3)
module.js:487
    throw err;
    ^

Error: Cannot find module 'socket.io'
    at Function.Module._resolveFilename (module.js:485:15)
    at Function.Module._load (module.js:437:25)
    at Module.require (module.js:513:17)
    at require (internal/module.js:11:18)
    at Object.<anonymous> (D:\boulot\UwAmp\www\tac-tac.lan\web\bin\node\app_https\app_https_socket.js:38:20)
    at Module._compile (module.js:569:30)
    at Object.Module._extensions..js (module.js:580:10)
    at Module.load (module.js:503:32)
    at tryModuleLoad (module.js:466:12)
    at Function.Module._load (module.js:458:3)
module.js:487
    throw err;
    ^

Error: Cannot find module 'socket.io'
    at Function.Module._resolveFilename (module.js:485:15)
    at Function.Module._load (module.js:437:25)
    at Module.require (module.js:513:17)
    at require (internal/module.js:11:18)
    at Object.<anonymous> (D:\boulot\UwAmp\www\tac-tac.lan\web\bin\node\app_https\app_https_socket.js:38:20)
    at Module._compile (module.js:569:30)
    at Object.Module._extensions..js (module.js:580:10)
    at Module.load (module.js:503:32)
    at tryModuleLoad (module.js:466:12)
    at Function.Module._load (module.js:458:3)
D:\boulot\UwAmp\www\tac-tac.lan\web\bin\node\windows_service\node_modules\node-windows\lib\wrapper.js:177
    child.send('shutdown');
         ^

TypeError: Cannot read property 'send' of null
    at process.killkid (D:\boulot\UwAmp\www\tac-tac.lan\web\bin\node\windows_service\node_modules\node-windows\lib\wrapper.js:177:10)
    at emitOne (events.js:115:13)
    at process.emit (events.js:210:7)
    at process.exit (internal/process.js:154:15)
    at monitor (D:\boulot\UwAmp\www\tac-tac.lan\web\bin\node\windows_service\node_modules\node-windows\lib\wrapper.js:99:17)
    at ChildProcess.<anonymous> (D:\boulot\UwAmp\www\tac-tac.lan\web\bin\node\windows_service\node_modules\node-windows\lib\wrapper.js:170:5)
    at emitTwo (events.js:125:13)
    at ChildProcess.emit (events.js:213:7)
    at Process.ChildProcess._handle.onexit (internal/child_process.js:197:12)
